Performing C SOURCE FILE Test CMAKE_HAVE_LIBC_PTHREAD failed with the following output:
Change Dir: /home/hiwonder/chasis_ws/build/CMakeFiles/CMakeTmp

Run Build Command(s):/usr/bin/make -f Makefile cmTC_581d3/fast && /usr/bin/make  -f CMakeFiles/cmTC_581d3.dir/build.make CMakeFiles/cmTC_581d3.dir/build
make[1]: Entering directory '/home/hiwonder/chasis_ws/build/CMakeFiles/CMakeTmp'
Building C object CMakeFiles/cmTC_581d3.dir/src.c.o
/usr/bin/cc -DCMAKE_HAVE_LIBC_PTHREAD   -o CMakeFiles/cmTC_581d3.dir/src.c.o -c /home/hiwonder/chasis_ws/build/CMakeFiles/CMakeTmp/src.c
Linking C executable cmTC_581d3
/usr/local/bin/cmake -E cmake_link_script CMakeFiles/cmTC_581d3.dir/link.txt --verbose=1
/usr/bin/cc -rdynamic CMakeFiles/cmTC_581d3.dir/src.c.o -o cmTC_581d3 
CMakeFiles/cmTC_581d3.dir/src.c.o: In function `main':
src.c:(.text+0x48): undefined reference to `pthread_create'
src.c:(.text+0x50): undefined reference to `pthread_detach'
src.c:(.text+0x58): undefined reference to `pthread_cancel'
src.c:(.text+0x64): undefined reference to `pthread_join'
src.c:(.text+0x74): undefined reference to `pthread_atfork'
collect2: error: ld returned 1 exit status
CMakeFiles/cmTC_581d3.dir/build.make:98: recipe for target 'cmTC_581d3' failed
make[1]: *** [cmTC_581d3] Error 1
make[1]: Leaving directory '/home/hiwonder/chasis_ws/build/CMakeFiles/CMakeTmp'
Makefile:127: recipe for target 'cmTC_581d3/fast' failed
make: *** [cmTC_581d3/fast] Error 2


Source file was:
#include <pthread.h>

static void* test_func(void* data)
{
  return data;
}

int main(void)
{
  pthread_t thread;
  pthread_create(&thread, NULL, test_func, NULL);
  pthread_detach(thread);
  pthread_cancel(thread);
  pthread_join(thread, NULL);
  pthread_atfork(NULL, NULL, NULL);
  pthread_exit(NULL);

  return 0;
}

Determining if the function pthread_create exists in the pthreads failed with the following output:
Change Dir: /home/hiwonder/chasis_ws/build/CMakeFiles/CMakeTmp

Run Build Command(s):/usr/bin/make -f Makefile cmTC_199f1/fast && /usr/bin/make  -f CMakeFiles/cmTC_199f1.dir/build.make CMakeFiles/cmTC_199f1.dir/build
make[1]: Entering directory '/home/hiwonder/chasis_ws/build/CMakeFiles/CMakeTmp'
Building C object CMakeFiles/cmTC_199f1.dir/CheckFunctionExists.c.o
/usr/bin/cc   -DCHECK_FUNCTION_EXISTS=pthread_create -o CMakeFiles/cmTC_199f1.dir/CheckFunctionExists.c.o -c /usr/local/share/cmake-3.21/Modules/CheckFunctionExists.c
Linking C executable cmTC_199f1
/usr/local/bin/cmake -E cmake_link_script CMakeFiles/cmTC_199f1.dir/link.txt --verbose=1
/usr/bin/cc  -DCHECK_FUNCTION_EXISTS=pthread_create -rdynamic CMakeFiles/cmTC_199f1.dir/CheckFunctionExists.c.o -o cmTC_199f1  -lpthreads 
/usr/bin/ld: cannot find -lpthreads
collect2: error: ld returned 1 exit status
CMakeFiles/cmTC_199f1.dir/build.make:98: recipe for target 'cmTC_199f1' failed
make[1]: *** [cmTC_199f1] Error 1
make[1]: Leaving directory '/home/hiwonder/chasis_ws/build/CMakeFiles/CMakeTmp'
Makefile:127: recipe for target 'cmTC_199f1/fast' failed
make: *** [cmTC_199f1/fast] Error 2



Determining if the function sgemm_ exists failed with the following output:
Change Dir: /home/hiwonder/chasis_ws/build/CMakeFiles/CMakeTmp

Run Build Command(s):/usr/bin/make -f Makefile cmTC_2ac8f/fast && /usr/bin/make  -f CMakeFiles/cmTC_2ac8f.dir/build.make CMakeFiles/cmTC_2ac8f.dir/build
make[1]: Entering directory '/home/hiwonder/chasis_ws/build/CMakeFiles/CMakeTmp'
Building C object CMakeFiles/cmTC_2ac8f.dir/CheckFunctionExists.c.o
/usr/bin/cc   -DCHECK_FUNCTION_EXISTS=sgemm_ -o CMakeFiles/cmTC_2ac8f.dir/CheckFunctionExists.c.o -c /usr/local/share/cmake-3.21/Modules/CheckFunctionExists.c
Linking C executable cmTC_2ac8f
/usr/local/bin/cmake -E cmake_link_script CMakeFiles/cmTC_2ac8f.dir/link.txt --verbose=1
/usr/bin/cc  -DCHECK_FUNCTION_EXISTS=sgemm_ -rdynamic CMakeFiles/cmTC_2ac8f.dir/CheckFunctionExists.c.o -o cmTC_2ac8f 
CMakeFiles/cmTC_2ac8f.dir/CheckFunctionExists.c.o: In function `main':
CheckFunctionExists.c:(.text+0x10): undefined reference to `sgemm_'
collect2: error: ld returned 1 exit status
CMakeFiles/cmTC_2ac8f.dir/build.make:98: recipe for target 'cmTC_2ac8f' failed
make[1]: *** [cmTC_2ac8f] Error 1
make[1]: Leaving directory '/home/hiwonder/chasis_ws/build/CMakeFiles/CMakeTmp'
Makefile:127: recipe for target 'cmTC_2ac8f/fast' failed
make: *** [cmTC_2ac8f/fast] Error 2



